[22:58:24] [main/INFO] [JMLogger] JourneyMap log initialized.
[22:58:24] [main/INFO] [JourneymapClient] initialize ENTER
[22:58:24] [main/INFO] [ClientAPI] [ClientAPI] built with JourneyMap API 1.8-SNAPSHOT
[22:58:24] [main/INFO] [PluginHelper] Initializing plugins with Client API: journeymap.client.api.impl.ClientAPI
[22:58:24] [main/INFO] [PluginHelper] Initialized IClientPlugin: net.blay09.mods.waystones.compat.JourneyMapAddon
[22:58:24] [main/WARN] [PropertiesBase] core (Initialized) Bad configField entry during updateFrom(): optionsManagerViewed=null
[22:58:24] [main/WARN] [PropertiesBase] core (Initialized) Bad configField entry during updateFrom(): splashViewed=null
[22:58:24] [Render thread/INFO] [?] Version: JourneyMap 1.16.5-5.8.6, built with Forge 1.16.5-36.2.22
Forge: 36.2.42
Environment: os.name, os.arch, java.version, user.country, user.language=null, game language=en_us, locale=en_us
Features: 
	RadarPlayers : singleplayer = true , multiplayer = true
	RadarAnimals : singleplayer = true , multiplayer = true
	RadarMobs : singleplayer = true , multiplayer = true
	RadarVillagers : singleplayer = true , multiplayer = true
	MapTopo : singleplayer = true , multiplayer = true
	MapSurface : singleplayer = true , multiplayer = true
	MapCaves : singleplayer = true , multiplayer = true
	MapBiome : singleplayer = true , multiplayer = true
MiniMapProperties{state=Valid, file=journeymap.minimap.config, configVersion=5.8.6, zoomLevel=0, compassFontScale=1.0, terrainAlpha=100, showEntityNames=true, positionX=0.9, positionY=0.25, effectVertical=false, showPlayerHeading=true, sizePercent=30, playerDisplayScale=1.0, showDayNight=true, showPets=true, preferredMapType=day, showCompass=true, mobDisplay=jm.common.entity_display.dots, systemTimeRealFormat=HH:mm:ss, shape=jm.minimap.shape_circle, showSelf=true, selfDisplayScale=1.0, showGrid=true, reticleOrientation=jm.minimap.orientation.compass, gameTimeRealFormat=HH:mm:ss, effectTranslateX=0, showWaypoints=true, minimapKeyMovementSpeed=0.001, showAnimals=true, infoSlotAlpha=0.7, effectTranslateY=0, showWaypointLabels=true, moveEffectIcons=true, position=jm.minimap.position_topright, fontScale=1.0, showPlayers=true, waypointIconScale=1.0, frameAlpha=100, effectReversed=false, backgroundAlpha=0.8, enabled=true, showVillagers=true, info2Label=jm.theme.labelsource.gametime, info3Label=jm.theme.labelsource.location, showMobs=true, waypointLabelScale=1.0, showReticle=true, orientation=jm.minimap.orientation.north, info4Label=jm.theme.labelsource.biome, locationFormat=xzyv, playerDisplay=jm.common.entity_display.dots, mobDisplayScale=1.0, showCaves=true, showMobHeading=true, locationFormatVerbose=true, info1Label=jm.theme.labelsource.blank}
MiniMapProperties{state=Valid, file=journeymap.minimap2.config, configVersion=5.8.6, zoomLevel=0, compassFontScale=1.0, terrainAlpha=100, showEntityNames=true, positionX=0.9, positionY=0.25, effectVertical=false, showPlayerHeading=true, sizePercent=30, playerDisplayScale=1.0, showDayNight=true, showPets=true, preferredMapType=day, showCompass=true, mobDisplay=jm.common.entity_display.dots, systemTimeRealFormat=HH:mm:ss, shape=jm.minimap.shape_rectangle, showSelf=true, selfDisplayScale=1.0, showGrid=true, reticleOrientation=jm.minimap.orientation.compass, gameTimeRealFormat=HH:mm:ss, effectTranslateX=0, showWaypoints=true, minimapKeyMovementSpeed=0.001, showAnimals=true, infoSlotAlpha=0.7, effectTranslateY=0, showWaypointLabels=true, moveEffectIcons=true, position=jm.minimap.position_topright, fontScale=1.0, showPlayers=true, waypointIconScale=1.0, frameAlpha=100, effectReversed=false, backgroundAlpha=0.8, enabled=true, showVillagers=true, info2Label=jm.theme.labelsource.gametime, info3Label=jm.theme.labelsource.location, showMobs=true, waypointLabelScale=1.0, showReticle=true, orientation=jm.minimap.orientation.north, info4Label=jm.theme.labelsource.biome, locationFormat=xzyv, playerDisplay=jm.common.entity_display.dots, mobDisplayScale=1.0, showCaves=true, showMobHeading=true, locationFormatVerbose=true, info1Label=jm.theme.labelsource.blank}
FullMapProperties{state=Valid, file=journeymap.fullmap.config, configVersion=5.8.6, zoomLevel=0, showPlayers=true, waypointIconScale=1.0, showEntityNames=true, showPlayerHeading=true, showVillagers=true, showPlayerLoc=true, showKeys=true, playerDisplayScale=1.0, showMobs=true, showPets=true, waypointLabelScale=1.0, preferredMapType=day, mobDisplay=jm.common.entity_display.dots, showSelf=true, locationFormat=xzyv, playerDisplay=jm.common.entity_display.dots, mobDisplayScale=1.0, selfDisplayScale=1.0, showGrid=true, showMouseLoc=true, showWaypoints=true, showCaves=true, showAnimals=true, dragScale=1, showMobHeading=true, showWaypointLabels=true, locationFormatVerbose=true, fontScale=1.0}
WaypointProperties{state=Valid, file=journeymap.waypoint.config, configVersion=5.8.6, autoRemoveDeathpointDistance=2, dateFormat=MM-dd-yyyy, autoRemoveDeathpoints=false, fullscreenDoubleClickToCreate=true, managerDimensionFocus=false, minDistance=4, boldLabel=false, textureSmall=true, showDeathpointlabel=true, beaconEnabled=true, createDeathpoints=true, showName=true, disableStrikeThrough=false, maxDistance=0, autoHideLabel=true, autoRemoveTempWaypoints=2, teleportCommand=/tp {name} {x} {y} {z}, showStaticBeam=true, timeFormat=HH:mm:ss, showDeviationLabel=false, showDistance=true, showRotatingBeam=true, fontScale=2.0, showTexture=true, managerEnabled=true}
WebMapProperties{state=Valid, file=journeymap.webmap.config, configVersion=5.8.6, port=8080, enabled=false}
CoreProperties{state=Valid, file=journeymap.core.config, configVersion=5.8.6, verboseColorPalette=false, maxPlayersData=32, mapSurfaceAboveCaves=true, dataCachingEnabled=true, optionsManagerViewed=null, announceMod=true, colorPassive=#bbbbbb, renderOverlayEventTypeName=ALL, mapBlendWater=false, renderDistanceSurfaceMax=0, seedId=false, radarVerticalDistance=16, mapBlendGrass=true, recordCacheStats=false, hideSneakingEntities=true, revealShape=jm.minimap.shape_circle, mapBiome=true, alwaysMapSurface=false, colorVillager=#88e188, mapPlants=false, colorPet=#0077ff, radarLateralDistance=64, mapBathymetry=false, mapCrops=true, maxMobsData=32, mapPlantShadows=false, alwaysMapCaves=false, checkUpdates=true, mapBlendFoliage=true, hideSpectators=false, mappingEnabled=true, colorPlayer=#ffffff, tileHighDisplayQuality=true, cacheVillagersData=2200, logLevel=INFO, maxVillagersData=32, mapWaterBiomeColors=false, maxAnimalsData=32, mapTransparency=true, tileRenderType=1, caveIgnoreGlass=true, mapTopography=true, renderDistanceCaveMax=0, mapAntialiasing=true, colorSelf=#0000ff, cachePlayersData=2000, cacheMobsData=3000, cachePlayerData=1000, splashViewed=null, colorHostile=#ff0000, cacheAnimalsData=3100, themeName=OceanMonument, mapCaveLighting=true, renderDelay=2, renderOverlayPreEvent=true, glErrorChecking=false, autoMapPoll=2000}
[22:58:25] [main/INFO] [JourneymapClient] initialize EXIT, elapsed count 1 avg 1902.83ms
[22:58:38] [main/INFO] [JourneymapClient] Journeymap PostInit
[22:58:40] [main/INFO] [ThemeLoader] Preloaded theme textures: 73
[22:58:40] [main/INFO] [JourneymapClient] postInitialize EXIT, elapsed count 1 avg 1253.81ms
[22:58:41] [JM-VersionCheck-1/ERROR] [VersionCheck] Could not check version URL
javax.net.ssl.SSLHandshakeException: sun.security.validator.ValidatorException: PKIX path building failed: sun.security.provider.certpath.SunCertPathBuilderException: unable to find valid certification path to requested target
	at sun.security.ssl.Alerts.getSSLException(Alerts.java:192) ~[?:1.8.0_51]
	at sun.security.ssl.SSLSocketImpl.fatal(SSLSocketImpl.java:1949) ~[?:1.8.0_51]
	at sun.security.ssl.Handshaker.fatalSE(Handshaker.java:302) ~[?:1.8.0_51]
	at sun.security.ssl.Handshaker.fatalSE(Handshaker.java:296) ~[?:1.8.0_51]
	at sun.security.ssl.ClientHandshaker.serverCertificate(ClientHandshaker.java:1497) ~[?:1.8.0_51]
	at sun.security.ssl.ClientHandshaker.processMessage(ClientHandshaker.java:212) ~[?:1.8.0_51]
	at sun.security.ssl.Handshaker.processLoop(Handshaker.java:979) ~[?:1.8.0_51]
	at sun.security.ssl.Handshaker.process_record(Handshaker.java:914) ~[?:1.8.0_51]
	at sun.security.ssl.SSLSocketImpl.readRecord(SSLSocketImpl.java:1062) ~[?:1.8.0_51]
	at sun.security.ssl.SSLSocketImpl.performInitialHandshake(SSLSocketImpl.java:1375) ~[?:1.8.0_51]
	at sun.security.ssl.SSLSocketImpl.startHandshake(SSLSocketImpl.java:1403) ~[?:1.8.0_51]
	at sun.security.ssl.SSLSocketImpl.startHandshake(SSLSocketImpl.java:1387) ~[?:1.8.0_51]
	at org.apache.http.conn.ssl.SSLConnectionSocketFactory.createLayeredSocket(SSLConnectionSocketFactory.java:275) ~[httpclient-4.3.3.jar:4.3.3]
	at org.apache.http.conn.ssl.SSLConnectionSocketFactory.connectSocket(SSLConnectionSocketFactory.java:254) ~[httpclient-4.3.3.jar:4.3.3]
	at org.apache.http.impl.conn.HttpClientConnectionOperator.connect(HttpClientConnectionOperator.java:117) ~[httpclient-4.3.3.jar:4.3.3]
	at org.apache.http.impl.conn.PoolingHttpClientConnectionManager.connect(PoolingHttpClientConnectionManager.java:314) ~[httpclient-4.3.3.jar:4.3.3]
	at org.apache.http.impl.execchain.MainClientExec.establishRoute(MainClientExec.java:363) ~[httpclient-4.3.3.jar:4.3.3]
	at org.apache.http.impl.execchain.MainClientExec.execute(MainClientExec.java:219) ~[httpclient-4.3.3.jar:4.3.3]
	at org.apache.http.impl.execchain.ProtocolExec.execute(ProtocolExec.java:195) ~[httpclient-4.3.3.jar:4.3.3]
	at org.apache.http.impl.execchain.RetryExec.execute(RetryExec.java:86) ~[httpclient-4.3.3.jar:4.3.3]
	at org.apache.http.impl.execchain.RedirectExec.execute(RedirectExec.java:108) ~[httpclient-4.3.3.jar:4.3.3]
	at org.apache.http.impl.client.InternalHttpClient.doExecute(InternalHttpClient.java:186) ~[httpclient-4.3.3.jar:4.3.3]
	at org.apache.http.impl.client.CloseableHttpClient.execute(CloseableHttpClient.java:82) ~[httpclient-4.3.3.jar:4.3.3]
	at org.apache.http.impl.client.CloseableHttpClient.execute(CloseableHttpClient.java:106) ~[httpclient-4.3.3.jar:4.3.3]
	at org.apache.http.impl.client.CloseableHttpClient.execute(CloseableHttpClient.java:57) ~[httpclient-4.3.3.jar:4.3.3]
	at journeymap.common.version.VersionCheck.makeGetRequest(VersionCheck.java:211) [?:1.16.5-5.8.6]
	at journeymap.common.version.VersionCheck.lambda$checkVersion$1(VersionCheck.java:121) [?:1.16.5-5.8.6]
	at journeymap.common.version.VersionCheck$$Lambda$43905/360083659.run(Unknown Source) [?:1.16.5-5.8.6]
	at java.util.concurrent.Executors$RunnableAdapter.call(Executors.java:511) [?:1.8.0_51]
	at java.util.concurrent.FutureTask.run(FutureTask.java:266) [?:1.8.0_51]
	at java.util.concurrent.ThreadPoolExecutor.runWorker(ThreadPoolExecutor.java:1142) [?:1.8.0_51]
	at java.util.concurrent.ThreadPoolExecutor$Worker.run(ThreadPoolExecutor.java:617) [?:1.8.0_51]
	at java.lang.Thread.run(Thread.java:745) [?:1.8.0_51]
Caused by: sun.security.validator.ValidatorException: PKIX path building failed: sun.security.provider.certpath.SunCertPathBuilderException: unable to find valid certification path to requested target
	at sun.security.validator.PKIXValidator.doBuild(PKIXValidator.java:387) ~[?:1.8.0_51]
	at sun.security.validator.PKIXValidator.engineValidate(PKIXValidator.java:292) ~[?:1.8.0_51]
	at sun.security.validator.Validator.validate(Validator.java:260) ~[?:1.8.0_51]
	at sun.security.ssl.X509TrustManagerImpl.validate(X509TrustManagerImpl.java:324) ~[?:1.8.0_51]
	at sun.security.ssl.X509TrustManagerImpl.checkTrusted(X509TrustManagerImpl.java:229) ~[?:1.8.0_51]
	at sun.security.ssl.X509TrustManagerImpl.checkServerTrusted(X509TrustManagerImpl.java:124) ~[?:1.8.0_51]
	at sun.security.ssl.ClientHandshaker.serverCertificate(ClientHandshaker.java:1479) ~[?:1.8.0_51]
	... 28 more
Caused by: sun.security.provider.certpath.SunCertPathBuilderException: unable to find valid certification path to requested target
	at sun.security.provider.certpath.SunCertPathBuilder.build(SunCertPathBuilder.java:145) ~[?:1.8.0_51]
	at sun.security.provider.certpath.SunCertPathBuilder.engineBuild(SunCertPathBuilder.java:131) ~[?:1.8.0_51]
	at java.security.cert.CertPathBuilder.build(CertPathBuilder.java:280) ~[?:1.8.0_51]
	at sun.security.validator.PKIXValidator.doBuild(PKIXValidator.java:382) ~[?:1.8.0_51]
	at sun.security.validator.PKIXValidator.engineValidate(PKIXValidator.java:292) ~[?:1.8.0_51]
	at sun.security.validator.Validator.validate(Validator.java:260) ~[?:1.8.0_51]
	at sun.security.ssl.X509TrustManagerImpl.validate(X509TrustManagerImpl.java:324) ~[?:1.8.0_51]
	at sun.security.ssl.X509TrustManagerImpl.checkTrusted(X509TrustManagerImpl.java:229) ~[?:1.8.0_51]
	at sun.security.ssl.X509TrustManagerImpl.checkServerTrusted(X509TrustManagerImpl.java:124) ~[?:1.8.0_51]
	at sun.security.ssl.ClientHandshaker.serverCertificate(ClientHandshaker.java:1479) ~[?:1.8.0_51]
	... 28 more
[22:58:41] [JM-VersionCheck-1/ERROR] [VersionCheck] Could not check version URL
javax.net.ssl.SSLHandshakeException: sun.security.validator.ValidatorException: PKIX path building failed: sun.security.provider.certpath.SunCertPathBuilderException: unable to find valid certification path to requested target
	at sun.security.ssl.Alerts.getSSLException(Alerts.java:192) ~[?:1.8.0_51]
	at sun.security.ssl.SSLSocketImpl.fatal(SSLSocketImpl.java:1949) ~[?:1.8.0_51]
	at sun.security.ssl.Handshaker.fatalSE(Handshaker.java:302) ~[?:1.8.0_51]
	at sun.security.ssl.Handshaker.fatalSE(Handshaker.java:296) ~[?:1.8.0_51]
	at sun.security.ssl.ClientHandshaker.serverCertificate(ClientHandshaker.java:1497) ~[?:1.8.0_51]
	at sun.security.ssl.ClientHandshaker.processMessage(ClientHandshaker.java:212) ~[?:1.8.0_51]
	at sun.security.ssl.Handshaker.processLoop(Handshaker.java:979) ~[?:1.8.0_51]
	at sun.security.ssl.Handshaker.process_record(Handshaker.java:914) ~[?:1.8.0_51]
	at sun.security.ssl.SSLSocketImpl.readRecord(SSLSocketImpl.java:1062) ~[?:1.8.0_51]
	at sun.security.ssl.SSLSocketImpl.performInitialHandshake(SSLSocketImpl.java:1375) ~[?:1.8.0_51]
	at sun.security.ssl.SSLSocketImpl.startHandshake(SSLSocketImpl.java:1403) ~[?:1.8.0_51]
	at sun.security.ssl.SSLSocketImpl.startHandshake(SSLSocketImpl.java:1387) ~[?:1.8.0_51]
	at org.apache.http.conn.ssl.SSLConnectionSocketFactory.createLayeredSocket(SSLConnectionSocketFactory.java:275) ~[httpclient-4.3.3.jar:4.3.3]
	at org.apache.http.conn.ssl.SSLConnectionSocketFactory.connectSocket(SSLConnectionSocketFactory.java:254) ~[httpclient-4.3.3.jar:4.3.3]
	at org.apache.http.impl.conn.HttpClientConnectionOperator.connect(HttpClientConnectionOperator.java:117) ~[httpclient-4.3.3.jar:4.3.3]
	at org.apache.http.impl.conn.PoolingHttpClientConnectionManager.connect(PoolingHttpClientConnectionManager.java:314) ~[httpclient-4.3.3.jar:4.3.3]
	at org.apache.http.impl.execchain.MainClientExec.establishRoute(MainClientExec.java:363) ~[httpclient-4.3.3.jar:4.3.3]
	at org.apache.http.impl.execchain.MainClientExec.execute(MainClientExec.java:219) ~[httpclient-4.3.3.jar:4.3.3]
	at org.apache.http.impl.execchain.ProtocolExec.execute(ProtocolExec.java:195) ~[httpclient-4.3.3.jar:4.3.3]
	at org.apache.http.impl.execchain.RetryExec.execute(RetryExec.java:86) ~[httpclient-4.3.3.jar:4.3.3]
	at org.apache.http.impl.execchain.RedirectExec.execute(RedirectExec.java:108) ~[httpclient-4.3.3.jar:4.3.3]
	at org.apache.http.impl.client.InternalHttpClient.doExecute(InternalHttpClient.java:186) ~[httpclient-4.3.3.jar:4.3.3]
	at org.apache.http.impl.client.CloseableHttpClient.execute(CloseableHttpClient.java:82) ~[httpclient-4.3.3.jar:4.3.3]
	at org.apache.http.impl.client.CloseableHttpClient.execute(CloseableHttpClient.java:106) ~[httpclient-4.3.3.jar:4.3.3]
	at org.apache.http.impl.client.CloseableHttpClient.execute(CloseableHttpClient.java:57) ~[httpclient-4.3.3.jar:4.3.3]
	at journeymap.common.version.VersionCheck.makeGetRequest(VersionCheck.java:211) [?:1.16.5-5.8.6]
	at journeymap.common.version.VersionCheck.lambda$checkVersion$1(VersionCheck.java:122) [?:1.16.5-5.8.6]
	at journeymap.common.version.VersionCheck$$Lambda$43905/360083659.run(Unknown Source) [?:1.16.5-5.8.6]
	at java.util.concurrent.Executors$RunnableAdapter.call(Executors.java:511) [?:1.8.0_51]
	at java.util.concurrent.FutureTask.run(FutureTask.java:266) [?:1.8.0_51]
	at java.util.concurrent.ThreadPoolExecutor.runWorker(ThreadPoolExecutor.java:1142) [?:1.8.0_51]
	at java.util.concurrent.ThreadPoolExecutor$Worker.run(ThreadPoolExecutor.java:617) [?:1.8.0_51]
	at java.lang.Thread.run(Thread.java:745) [?:1.8.0_51]
Caused by: sun.security.validator.ValidatorException: PKIX path building failed: sun.security.provider.certpath.SunCertPathBuilderException: unable to find valid certification path to requested target
	at sun.security.validator.PKIXValidator.doBuild(PKIXValidator.java:387) ~[?:1.8.0_51]
	at sun.security.validator.PKIXValidator.engineValidate(PKIXValidator.java:292) ~[?:1.8.0_51]
	at sun.security.validator.Validator.validate(Validator.java:260) ~[?:1.8.0_51]
	at sun.security.ssl.X509TrustManagerImpl.validate(X509TrustManagerImpl.java:324) ~[?:1.8.0_51]
	at sun.security.ssl.X509TrustManagerImpl.checkTrusted(X509TrustManagerImpl.java:229) ~[?:1.8.0_51]
	at sun.security.ssl.X509TrustManagerImpl.checkServerTrusted(X509TrustManagerImpl.java:124) ~[?:1.8.0_51]
	at sun.security.ssl.ClientHandshaker.serverCertificate(ClientHandshaker.java:1479) ~[?:1.8.0_51]
	... 28 more
Caused by: sun.security.provider.certpath.SunCertPathBuilderException: unable to find valid certification path to requested target
	at sun.security.provider.certpath.SunCertPathBuilder.build(SunCertPathBuilder.java:145) ~[?:1.8.0_51]
	at sun.security.provider.certpath.SunCertPathBuilder.engineBuild(SunCertPathBuilder.java:131) ~[?:1.8.0_51]
	at java.security.cert.CertPathBuilder.build(CertPathBuilder.java:280) ~[?:1.8.0_51]
	at sun.security.validator.PKIXValidator.doBuild(PKIXValidator.java:382) ~[?:1.8.0_51]
	at sun.security.validator.PKIXValidator.engineValidate(PKIXValidator.java:292) ~[?:1.8.0_51]
	at sun.security.validator.Validator.validate(Validator.java:260) ~[?:1.8.0_51]
	at sun.security.ssl.X509TrustManagerImpl.validate(X509TrustManagerImpl.java:324) ~[?:1.8.0_51]
	at sun.security.ssl.X509TrustManagerImpl.checkTrusted(X509TrustManagerImpl.java:229) ~[?:1.8.0_51]
	at sun.security.ssl.X509TrustManagerImpl.checkServerTrusted(X509TrustManagerImpl.java:124) ~[?:1.8.0_51]
	at sun.security.ssl.ClientHandshaker.serverCertificate(ClientHandshaker.java:1479) ~[?:1.8.0_51]
	... 28 more
[23:09:55] [Server thread/INFO] [ForgeConfig] Loading JourneyMap Forge Configs
[23:11:18] [Server thread/INFO] [PropertiesBase] global (FirstLoaded) Setting config file to version "5.8.6": journeymap.server.global.config
[23:11:18] [Server thread/INFO] [PropertiesBase] global (Valid) Creating config file: C:\Users\athos\curseforge\minecraft\Instances\Refugio\journeymap\server\5.8\journeymap.server.global.config
[23:11:18] [Server thread/INFO] [PropertiesBase] default (FirstLoaded) Setting config file to version "5.8.6": journeymap.server.default.config
[23:11:18] [Server thread/INFO] [PropertiesBase] default (Valid) Creating config file: C:\Users\athos\curseforge\minecraft\Instances\Refugio\journeymap\server\5.8\journeymap.server.default.config
[23:11:18] [Server thread/INFO] [PropertiesBase] minecraft~overworld (Initialized) Setting config file to version "5.8.6": journeymap.server.minecraft~overworld.config
[23:11:18] [Server thread/INFO] [PropertiesBase] minecraft~overworld (Valid) Creating config file: C:\Users\athos\curseforge\minecraft\Instances\Refugio\journeymap\server\5.8\journeymap.server.minecraft~overworld.config
[23:11:18] [Server thread/INFO] [PropertiesBase] minecraft~the_nether (Initialized) Setting config file to version "5.8.6": journeymap.server.minecraft~the_nether.config
[23:11:18] [Server thread/INFO] [PropertiesBase] minecraft~the_nether (Valid) Creating config file: C:\Users\athos\curseforge\minecraft\Instances\Refugio\journeymap\server\5.8\journeymap.server.minecraft~the_nether.config
[23:11:18] [Server thread/INFO] [PropertiesBase] minecraft~the_end (Initialized) Setting config file to version "5.8.6": journeymap.server.minecraft~the_end.config
[23:11:18] [Server thread/INFO] [PropertiesBase] minecraft~the_end (Valid) Creating config file: C:\Users\athos\curseforge\minecraft\Instances\Refugio\journeymap\server\5.8\journeymap.server.minecraft~the_end.config
[23:11:18] [Server thread/INFO] [PropertiesBase] compactmachines~compact_world (Initialized) Setting config file to version "5.8.6": journeymap.server.compactmachines~compact_world.config
[23:11:18] [Server thread/INFO] [PropertiesBase] compactmachines~compact_world (Valid) Creating config file: C:\Users\athos\curseforge\minecraft\Instances\Refugio\journeymap\server\5.8\journeymap.server.compactmachines~compact_world.config
[23:11:18] [Server thread/INFO] [PropertiesBase] bloodmagic~dungeon (Initialized) Setting config file to version "5.8.6": journeymap.server.bloodmagic~dungeon.config
[23:11:18] [Server thread/INFO] [PropertiesBase] bloodmagic~dungeon (Valid) Creating config file: C:\Users\athos\curseforge\minecraft\Instances\Refugio\journeymap\server\5.8\journeymap.server.bloodmagic~dungeon.config
[23:11:18] [Server thread/INFO] [PropertiesBase] allthemodium~mining (Initialized) Setting config file to version "5.8.6": journeymap.server.allthemodium~mining.config
[23:11:18] [Server thread/INFO] [PropertiesBase] allthemodium~mining (Valid) Creating config file: C:\Users\athos\curseforge\minecraft\Instances\Refugio\journeymap\server\5.8\journeymap.server.allthemodium~mining.config
[23:11:18] [Server thread/INFO] [PropertiesBase] mahoutsukai~reality_marble (Initialized) Setting config file to version "5.8.6": journeymap.server.mahoutsukai~reality_marble.config
[23:11:18] [Server thread/INFO] [PropertiesBase] mahoutsukai~reality_marble (Valid) Creating config file: C:\Users\athos\curseforge\minecraft\Instances\Refugio\journeymap\server\5.8\journeymap.server.mahoutsukai~reality_marble.config
[23:11:18] [Server thread/INFO] [PropertiesBase] twilightforest~skylight_forest (Initialized) Setting config file to version "5.8.6": journeymap.server.twilightforest~skylight_forest.config
[23:11:18] [Server thread/INFO] [PropertiesBase] twilightforest~skylight_forest (Valid) Creating config file: C:\Users\athos\curseforge\minecraft\Instances\Refugio\journeymap\server\5.8\journeymap.server.twilightforest~skylight_forest.config
[23:11:18] [Server thread/INFO] [PropertiesBase] allthemodium~the_other (Initialized) Setting config file to version "5.8.6": journeymap.server.allthemodium~the_other.config
[23:11:18] [Server thread/INFO] [PropertiesBase] allthemodium~the_other (Valid) Creating config file: C:\Users\athos\curseforge\minecraft\Instances\Refugio\journeymap\server\5.8\journeymap.server.allthemodium~the_other.config
[23:11:18] [Server thread/INFO] [PropertiesBase] twilightforest~twilightforest (Initialized) Setting config file to version "5.8.6": journeymap.server.twilightforest~twilightforest.config
[23:11:18] [Server thread/INFO] [PropertiesBase] twilightforest~twilightforest (Valid) Creating config file: C:\Users\athos\curseforge\minecraft\Instances\Refugio\journeymap\server\5.8\journeymap.server.twilightforest~twilightforest.config
[23:13:53] [main/WARN] [PropertiesBase] core (Initialized) Bad configField entry during updateFrom(): optionsManagerViewed=null
[23:13:53] [main/WARN] [PropertiesBase] core (Initialized) Bad configField entry during updateFrom(): splashViewed=null
[23:13:54] [main/INFO] [ModBlockDelegate] Custom modded block handling enabled for biomesoplenty
[23:13:55] [main/INFO] [WaypointStore] Loaded 0 waypoints from C:\Users\athos\curseforge\minecraft\Instances\Refugio\journeymap\data\sp\TESTES\waypoints
[23:13:55] [main/INFO] [JourneymapClient] Mapping started in C:\Users\athos\curseforge\minecraft\Instances\Refugio\journeymap\data\sp\TESTES\overworld. Memory: 5418MB total, 2317MB free 
[23:16:40] [main/ERROR] [JMLogger] Can't get entityTexture for TextComponent{text='', siblings=[TranslatableComponent{key='entity.lycanitesmobs.krake', args=[], siblings=[], style=Style{ color=null, bold=null, italic=null, underlined=null, strikethrough=null, obfuscated=null, clickEvent=null, hoverEvent=null, insertion=null, font=minecraft:default}}, TextComponent{text=' ', siblings=[], style=Style{ color=null, bold=null, italic=null, underlined=null, strikethrough=null, obfuscated=null, clickEvent=null, hoverEvent=null, insertion=null, font=minecraft:default}}, TranslatableComponent{key='entity.level', args=[], siblings=[TextComponent{text=' 4', siblings=[], style=Style{ color=null, bold=null, italic=null, underlined=null, strikethrough=null, obfuscated=null, clickEvent=null, hoverEvent=null, insertion=null, font=minecraft:default}}], style=Style{ color=null, bold=null, italic=null, underlined=null, strikethrough=null, obfuscated=null, clickEvent=null, hoverEvent=null, insertion=null, font=minecraft:default}}], style=Style{ color=null, bold=null, italic=null, underlined=null, strikethrough=null, obfuscated=null, clickEvent=null, hoverEvent=null, insertion=null, font=minecraft:default}} (SUPPRESSED)
[23:16:40] [main/ERROR] [JMLogger] Can't get entityTexture for TextComponent{text='', siblings=[TranslatableComponent{key='entity.baby', args=[], siblings=[], style=Style{ color=null, bold=null, italic=null, underlined=null, strikethrough=null, obfuscated=null, clickEvent=null, hoverEvent=null, insertion=null, font=minecraft:default}}, TextComponent{text=' ', siblings=[], style=Style{ color=null, bold=null, italic=null, underlined=null, strikethrough=null, obfuscated=null, clickEvent=null, hoverEvent=null, insertion=null, font=minecraft:default}}, TranslatableComponent{key='entity.lycanitesmobs.krake', args=[], siblings=[], style=Style{ color=null, bold=null, italic=null, underlined=null, strikethrough=null, obfuscated=null, clickEvent=null, hoverEvent=null, insertion=null, font=minecraft:default}}, TextComponent{text=' ', siblings=[], style=Style{ color=null, bold=null, italic=null, underlined=null, strikethrough=null, obfuscated=null, clickEvent=null, hoverEvent=null, insertion=null, font=minecraft:default}}, TranslatableComponent{key='entity.level', args=[], siblings=[TextComponent{text=' 4', siblings=[], style=Style{ color=null, bold=null, italic=null, underlined=null, strikethrough=null, obfuscated=null, clickEvent=null, hoverEvent=null, insertion=null, font=minecraft:default}}], style=Style{ color=null, bold=null, italic=null, underlined=null, strikethrough=null, obfuscated=null, clickEvent=null, hoverEvent=null, insertion=null, font=minecraft:default}}], style=Style{ color=null, bold=null, italic=null, underlined=null, strikethrough=null, obfuscated=null, clickEvent=null, hoverEvent=null, insertion=null, font=minecraft:default}} (SUPPRESSED)
[23:16:40] [main/ERROR] [JMLogger] Can't get entityTexture for TextComponent{text='', siblings=[TranslatableComponent{key='subspecies.keppel', args=[], siblings=[], style=Style{ color=null, bold=null, italic=null, underlined=null, strikethrough=null, obfuscated=null, clickEvent=null, hoverEvent=null, insertion=null, font=minecraft:default}}, TextComponent{text=' ', siblings=[], style=Style{ color=null, bold=null, italic=null, underlined=null, strikethrough=null, obfuscated=null, clickEvent=null, hoverEvent=null, insertion=null, font=minecraft:default}}, TranslatableComponent{key='entity.lycanitesmobs.krake', args=[], siblings=[], style=Style{ color=null, bold=null, italic=null, underlined=null, strikethrough=null, obfuscated=null, clickEvent=null, hoverEvent=null, insertion=null, font=minecraft:default}}, TextComponent{text=' ', siblings=[], style=Style{ color=null, bold=null, italic=null, underlined=null, strikethrough=null, obfuscated=null, clickEvent=null, hoverEvent=null, insertion=null, font=minecraft:default}}, TranslatableComponent{key='entity.level', args=[], siblings=[TextComponent{text=' 2', siblings=[], style=Style{ color=null, bold=null, italic=null, underlined=null, strikethrough=null, obfuscated=null, clickEvent=null, hoverEvent=null, insertion=null, font=minecraft:default}}], style=Style{ color=null, bold=null, italic=null, underlined=null, strikethrough=null, obfuscated=null, clickEvent=null, hoverEvent=null, insertion=null, font=minecraft:default}}], style=Style{ color=null, bold=null, italic=null, underlined=null, strikethrough=null, obfuscated=null, clickEvent=null, hoverEvent=null, insertion=null, font=minecraft:default}} (SUPPRESSED)
[23:16:40] [main/ERROR] [JMLogger] Can't get entityTexture for TextComponent{text='', siblings=[TranslatableComponent{key='entity.lycanitesmobs.krake', args=[], siblings=[], style=Style{ color=null, bold=null, italic=null, underlined=null, strikethrough=null, obfuscated=null, clickEvent=null, hoverEvent=null, insertion=null, font=minecraft:default}}, TextComponent{text=' ', siblings=[], style=Style{ color=null, bold=null, italic=null, underlined=null, strikethrough=null, obfuscated=null, clickEvent=null, hoverEvent=null, insertion=null, font=minecraft:default}}, TranslatableComponent{key='entity.level', args=[], siblings=[TextComponent{text=' 2', siblings=[], style=Style{ color=null, bold=null, italic=null, underlined=null, strikethrough=null, obfuscated=null, clickEvent=null, hoverEvent=null, insertion=null, font=minecraft:default}}], style=Style{ color=null, bold=null, italic=null, underlined=null, strikethrough=null, obfuscated=null, clickEvent=null, hoverEvent=null, insertion=null, font=minecraft:default}}], style=Style{ color=null, bold=null, italic=null, underlined=null, strikethrough=null, obfuscated=null, clickEvent=null, hoverEvent=null, insertion=null, font=minecraft:default}} (SUPPRESSED)
[23:16:40] [main/ERROR] [JMLogger] Can't get entityTexture for TextComponent{text='', siblings=[TranslatableComponent{key='entity.lycanitesmobs.bobeko', args=[], siblings=[], style=Style{ color=null, bold=null, italic=null, underlined=null, strikethrough=null, obfuscated=null, clickEvent=null, hoverEvent=null, insertion=null, font=minecraft:default}}, TextComponent{text=' ', siblings=[], style=Style{ color=null, bold=null, italic=null, underlined=null, strikethrough=null, obfuscated=null, clickEvent=null, hoverEvent=null, insertion=null, font=minecraft:default}}, TranslatableComponent{key='entity.level', args=[], siblings=[TextComponent{text=' 3', siblings=[], style=Style{ color=null, bold=null, italic=null, underlined=null, strikethrough=null, obfuscated=null, clickEvent=null, hoverEvent=null, insertion=null, font=minecraft:default}}], style=Style{ color=null, bold=null, italic=null, underlined=null, strikethrough=null, obfuscated=null, clickEvent=null, hoverEvent=null, insertion=null, font=minecraft:default}}], style=Style{ color=null, bold=null, italic=null, underlined=null, strikethrough=null, obfuscated=null, clickEvent=null, hoverEvent=null, insertion=null, font=minecraft:default}} (SUPPRESSED)
[23:16:40] [main/ERROR] [JMLogger] Can't get entityTexture for TextComponent{text='', siblings=[TranslatableComponent{key='entity.lycanitesmobs.bobeko', args=[], siblings=[], style=Style{ color=null, bold=null, italic=null, underlined=null, strikethrough=null, obfuscated=null, clickEvent=null, hoverEvent=null, insertion=null, font=minecraft:default}}, TextComponent{text=' ', siblings=[], style=Style{ color=null, bold=null, italic=null, underlined=null, strikethrough=null, obfuscated=null, clickEvent=null, hoverEvent=null, insertion=null, font=minecraft:default}}, TranslatableComponent{key='entity.level', args=[], siblings=[TextComponent{text=' 2', siblings=[], style=Style{ color=null, bold=null, italic=null, underlined=null, strikethrough=null, obfuscated=null, clickEvent=null, hoverEvent=null, insertion=null, font=minecraft:default}}], style=Style{ color=null, bold=null, italic=null, underlined=null, strikethrough=null, obfuscated=null, clickEvent=null, hoverEvent=null, insertion=null, font=minecraft:default}}], style=Style{ color=null, bold=null, italic=null, underlined=null, strikethrough=null, obfuscated=null, clickEvent=null, hoverEvent=null, insertion=null, font=minecraft:default}} (SUPPRESSED)
[23:16:40] [main/INFO] [ChatLog] 
[23:17:34] [main/ERROR] [JMLogger] Can't get entityTexture for TextComponent{text='', siblings=[TranslatableComponent{key='entity.lycanitesmobs.bobeko', args=[], siblings=[], style=Style{ color=null, bold=null, italic=null, underlined=null, strikethrough=null, obfuscated=null, clickEvent=null, hoverEvent=null, insertion=null, font=minecraft:default}}], style=Style{ color=null, bold=null, italic=null, underlined=null, strikethrough=null, obfuscated=null, clickEvent=null, hoverEvent=null, insertion=null, font=minecraft:default}} (SUPPRESSED)
[23:17:37] [main/INFO] [StateTickHandler] skynoot died at BlockPos{x=288, y=64, z=-352}. Deathpoints enabled: true. Deathpoint created: true
[23:17:40] [main/ERROR] [JMLogger] Can't get entityTexture for TextComponent{text='', siblings=[TranslatableComponent{key='entity.lycanitesmobs.bobeko', args=[], siblings=[], style=Style{ color=null, bold=null, italic=null, underlined=null, strikethrough=null, obfuscated=null, clickEvent=null, hoverEvent=null, insertion=null, font=minecraft:default}}, TextComponent{text=' ', siblings=[], style=Style{ color=null, bold=null, italic=null, underlined=null, strikethrough=null, obfuscated=null, clickEvent=null, hoverEvent=null, insertion=null, font=minecraft:default}}, TranslatableComponent{key='entity.level', args=[], siblings=[TextComponent{text=' 4', siblings=[], style=Style{ color=null, bold=null, italic=null, underlined=null, strikethrough=null, obfuscated=null, clickEvent=null, hoverEvent=null, insertion=null, font=minecraft:default}}], style=Style{ color=null, bold=null, italic=null, underlined=null, strikethrough=null, obfuscated=null, clickEvent=null, hoverEvent=null, insertion=null, font=minecraft:default}}], style=Style{ color=null, bold=null, italic=null, underlined=null, strikethrough=null, obfuscated=null, clickEvent=null, hoverEvent=null, insertion=null, font=minecraft:default}} (SUPPRESSED)
[23:17:46] [main/ERROR] [JMLogger] Can't get entityTexture for TextComponent{text='', siblings=[TranslatableComponent{key='subspecies.violet', args=[], siblings=[], style=Style{ color=null, bold=null, italic=null, underlined=null, strikethrough=null, obfuscated=null, clickEvent=null, hoverEvent=null, insertion=null, font=minecraft:default}}, TextComponent{text=' ', siblings=[], style=Style{ color=null, bold=null, italic=null, underlined=null, strikethrough=null, obfuscated=null, clickEvent=null, hoverEvent=null, insertion=null, font=minecraft:default}}, TranslatableComponent{key='entity.lycanitesmobs.bobeko', args=[], siblings=[], style=Style{ color=null, bold=null, italic=null, underlined=null, strikethrough=null, obfuscated=null, clickEvent=null, hoverEvent=null, insertion=null, font=minecraft:default}}, TextComponent{text=' ', siblings=[], style=Style{ color=null, bold=null, italic=null, underlined=null, strikethrough=null, obfuscated=null, clickEvent=null, hoverEvent=null, insertion=null, font=minecraft:default}}, TranslatableComponent{key='entity.level', args=[], siblings=[TextComponent{text=' 2', siblings=[], style=Style{ color=null, bold=null, italic=null, underlined=null, strikethrough=null, obfuscated=null, clickEvent=null, hoverEvent=null, insertion=null, font=minecraft:default}}], style=Style{ color=null, bold=null, italic=null, underlined=null, strikethrough=null, obfuscated=null, clickEvent=null, hoverEvent=null, insertion=null, font=minecraft:default}}], style=Style{ color=null, bold=null, italic=null, underlined=null, strikethrough=null, obfuscated=null, clickEvent=null, hoverEvent=null, insertion=null, font=minecraft:default}} (SUPPRESSED)
[23:18:45] [main/ERROR] [JMLogger] Can't get entityTexture for TextComponent{text='', siblings=[TranslatableComponent{key='entity.lycanitesmobs.ika', args=[], siblings=[], style=Style{ color=null, bold=null, italic=null, underlined=null, strikethrough=null, obfuscated=null, clickEvent=null, hoverEvent=null, insertion=null, font=minecraft:default}}, TextComponent{text=' ', siblings=[], style=Style{ color=null, bold=null, italic=null, underlined=null, strikethrough=null, obfuscated=null, clickEvent=null, hoverEvent=null, insertion=null, font=minecraft:default}}, TranslatableComponent{key='entity.level', args=[], siblings=[TextComponent{text=' 2', siblings=[], style=Style{ color=null, bold=null, italic=null, underlined=null, strikethrough=null, obfuscated=null, clickEvent=null, hoverEvent=null, insertion=null, font=minecraft:default}}], style=Style{ color=null, bold=null, italic=null, underlined=null, strikethrough=null, obfuscated=null, clickEvent=null, hoverEvent=null, insertion=null, font=minecraft:default}}], style=Style{ color=null, bold=null, italic=null, underlined=null, strikethrough=null, obfuscated=null, clickEvent=null, hoverEvent=null, insertion=null, font=minecraft:default}} (SUPPRESSED)
[23:18:45] [main/ERROR] [JMLogger] Can't get entityTexture for TextComponent{text='', siblings=[TranslatableComponent{key='entity.lycanitesmobs.ika', args=[], siblings=[], style=Style{ color=null, bold=null, italic=null, underlined=null, strikethrough=null, obfuscated=null, clickEvent=null, hoverEvent=null, insertion=null, font=minecraft:default}}, TextComponent{text=' ', siblings=[], style=Style{ color=null, bold=null, italic=null, underlined=null, strikethrough=null, obfuscated=null, clickEvent=null, hoverEvent=null, insertion=null, font=minecraft:default}}, TranslatableComponent{key='entity.level', args=[], siblings=[TextComponent{text=' 3', siblings=[], style=Style{ color=null, bold=null, italic=null, underlined=null, strikethrough=null, obfuscated=null, clickEvent=null, hoverEvent=null, insertion=null, font=minecraft:default}}], style=Style{ color=null, bold=null, italic=null, underlined=null, strikethrough=null, obfuscated=null, clickEvent=null, hoverEvent=null, insertion=null, font=minecraft:default}}], style=Style{ color=null, bold=null, italic=null, underlined=null, strikethrough=null, obfuscated=null, clickEvent=null, hoverEvent=null, insertion=null, font=minecraft:default}} (SUPPRESSED)
[23:19:25] [main/ERROR] [JMLogger] Can't get entityTexture for TranslatableComponent{key='entity.ars_nouveau.wilden_stalker', args=[], siblings=[], style=Style{ color=null, bold=null, italic=null, underlined=null, strikethrough=null, obfuscated=null, clickEvent=null, hoverEvent=null, insertion=null, font=minecraft:default}} (SUPPRESSED)
[23:20:00] [main/ERROR] [JMLogger] Can't get entityTexture for TextComponent{text='', siblings=[TranslatableComponent{key='entity.lycanitesmobs.darkling', args=[], siblings=[], style=Style{ color=null, bold=null, italic=null, underlined=null, strikethrough=null, obfuscated=null, clickEvent=null, hoverEvent=null, insertion=null, font=minecraft:default}}, TextComponent{text=' ', siblings=[], style=Style{ color=null, bold=null, italic=null, underlined=null, strikethrough=null, obfuscated=null, clickEvent=null, hoverEvent=null, insertion=null, font=minecraft:default}}, TranslatableComponent{key='entity.level', args=[], siblings=[TextComponent{text=' 2', siblings=[], style=Style{ color=null, bold=null, italic=null, underlined=null, strikethrough=null, obfuscated=null, clickEvent=null, hoverEvent=null, insertion=null, font=minecraft:default}}], style=Style{ color=null, bold=null, italic=null, underlined=null, strikethrough=null, obfuscated=null, clickEvent=null, hoverEvent=null, insertion=null, font=minecraft:default}}], style=Style{ color=null, bold=null, italic=null, underlined=null, strikethrough=null, obfuscated=null, clickEvent=null, hoverEvent=null, insertion=null, font=minecraft:default}} (SUPPRESSED)
[23:20:00] [main/ERROR] [JMLogger] Can't get entityTexture for TextComponent{text='', siblings=[TranslatableComponent{key='entity.lycanitesmobs.darkling', args=[], siblings=[], style=Style{ color=null, bold=null, italic=null, underlined=null, strikethrough=null, obfuscated=null, clickEvent=null, hoverEvent=null, insertion=null, font=minecraft:default}}, TextComponent{text=' ', siblings=[], style=Style{ color=null, bold=null, italic=null, underlined=null, strikethrough=null, obfuscated=null, clickEvent=null, hoverEvent=null, insertion=null, font=minecraft:default}}, TranslatableComponent{key='entity.level', args=[], siblings=[TextComponent{text=' 4', siblings=[], style=Style{ color=null, bold=null, italic=null, underlined=null, strikethrough=null, obfuscated=null, clickEvent=null, hoverEvent=null, insertion=null, font=minecraft:default}}], style=Style{ color=null, bold=null, italic=null, underlined=null, strikethrough=null, obfuscated=null, clickEvent=null, hoverEvent=null, insertion=null, font=minecraft:default}}], style=Style{ color=null, bold=null, italic=null, underlined=null, strikethrough=null, obfuscated=null, clickEvent=null, hoverEvent=null, insertion=null, font=minecraft:default}} (SUPPRESSED)
[23:20:00] [main/ERROR] [JMLogger] Can't get entityTexture for TextComponent{text='', siblings=[TranslatableComponent{key='entity.lycanitesmobs.wraamon', args=[], siblings=[], style=Style{ color=null, bold=null, italic=null, underlined=null, strikethrough=null, obfuscated=null, clickEvent=null, hoverEvent=null, insertion=null, font=minecraft:default}}, TextComponent{text=' ', siblings=[], style=Style{ color=null, bold=null, italic=null, underlined=null, strikethrough=null, obfuscated=null, clickEvent=null, hoverEvent=null, insertion=null, font=minecraft:default}}, TranslatableComponent{key='entity.level', args=[], siblings=[TextComponent{text=' 2', siblings=[], style=Style{ color=null, bold=null, italic=null, underlined=null, strikethrough=null, obfuscated=null, clickEvent=null, hoverEvent=null, insertion=null, font=minecraft:default}}], style=Style{ color=null, bold=null, italic=null, underlined=null, strikethrough=null, obfuscated=null, clickEvent=null, hoverEvent=null, insertion=null, font=minecraft:default}}], style=Style{ color=null, bold=null, italic=null, underlined=null, strikethrough=null, obfuscated=null, clickEvent=null, hoverEvent=null, insertion=null, font=minecraft:default}} (SUPPRESSED)
[23:20:00] [main/ERROR] [JMLogger] Can't get entityTexture for TextComponent{text='', siblings=[TranslatableComponent{key='entity.lycanitesmobs.darkling', args=[], siblings=[], style=Style{ color=null, bold=null, italic=null, underlined=null, strikethrough=null, obfuscated=null, clickEvent=null, hoverEvent=null, insertion=null, font=minecraft:default}}, TextComponent{text=' ', siblings=[], style=Style{ color=null, bold=null, italic=null, underlined=null, strikethrough=null, obfuscated=null, clickEvent=null, hoverEvent=null, insertion=null, font=minecraft:default}}, TranslatableComponent{key='entity.level', args=[], siblings=[TextComponent{text=' 3', siblings=[], style=Style{ color=null, bold=null, italic=null, underlined=null, strikethrough=null, obfuscated=null, clickEvent=null, hoverEvent=null, insertion=null, font=minecraft:default}}], style=Style{ color=null, bold=null, italic=null, underlined=null, strikethrough=null, obfuscated=null, clickEvent=null, hoverEvent=null, insertion=null, font=minecraft:default}}], style=Style{ color=null, bold=null, italic=null, underlined=null, strikethrough=null, obfuscated=null, clickEvent=null, hoverEvent=null, insertion=null, font=minecraft:default}} (SUPPRESSED)
[23:20:08] [main/ERROR] [JMLogger] Can't get entityTexture for TextComponent{text='', siblings=[TranslatableComponent{key='entity.lycanitesmobs.barghest', args=[], siblings=[], style=Style{ color=null, bold=null, italic=null, underlined=null, strikethrough=null, obfuscated=null, clickEvent=null, hoverEvent=null, insertion=null, font=minecraft:default}}, TextComponent{text=' ', siblings=[], style=Style{ color=null, bold=null, italic=null, underlined=null, strikethrough=null, obfuscated=null, clickEvent=null, hoverEvent=null, insertion=null, font=minecraft:default}}, TranslatableComponent{key='entity.level', args=[], siblings=[TextComponent{text=' 3', siblings=[], style=Style{ color=null, bold=null, italic=null, underlined=null, strikethrough=null, obfuscated=null, clickEvent=null, hoverEvent=null, insertion=null, font=minecraft:default}}], style=Style{ color=null, bold=null, italic=null, underlined=null, strikethrough=null, obfuscated=null, clickEvent=null, hoverEvent=null, insertion=null, font=minecraft:default}}], style=Style{ color=null, bold=null, italic=null, underlined=null, strikethrough=null, obfuscated=null, clickEvent=null, hoverEvent=null, insertion=null, font=minecraft:default}} (SUPPRESSED)
[23:20:26] [main/ERROR] [JMLogger] Can't get entityTexture for TextComponent{text='', siblings=[TranslatableComponent{key='entity.lycanitesmobs.silex', args=[], siblings=[], style=Style{ color=null, bold=null, italic=null, underlined=null, strikethrough=null, obfuscated=null, clickEvent=null, hoverEvent=null, insertion=null, font=minecraft:default}}, TextComponent{text=' ', siblings=[], style=Style{ color=null, bold=null, italic=null, underlined=null, strikethrough=null, obfuscated=null, clickEvent=null, hoverEvent=null, insertion=null, font=minecraft:default}}, TranslatableComponent{key='entity.level', args=[], siblings=[TextComponent{text=' 3', siblings=[], style=Style{ color=null, bold=null, italic=null, underlined=null, strikethrough=null, obfuscated=null, clickEvent=null, hoverEvent=null, insertion=null, font=minecraft:default}}], style=Style{ color=null, bold=null, italic=null, underlined=null, strikethrough=null, obfuscated=null, clickEvent=null, hoverEvent=null, insertion=null, font=minecraft:default}}], style=Style{ color=null, bold=null, italic=null, underlined=null, strikethrough=null, obfuscated=null, clickEvent=null, hoverEvent=null, insertion=null, font=minecraft:default}} (SUPPRESSED)
[23:20:26] [main/ERROR] [JMLogger] Can't get entityTexture for TranslatableComponent{key='entity.ars_nouveau.wilden_guardian', args=[], siblings=[], style=Style{ color=null, bold=null, italic=null, underlined=null, strikethrough=null, obfuscated=null, clickEvent=null, hoverEvent=null, insertion=null, font=minecraft:default}} (SUPPRESSED)
[23:20:31] [main/ERROR] [JMLogger] Can't get entityTexture for TranslatableComponent{key='entity.aquaculture.rainbow_trout', args=[], siblings=[], style=Style{ color=null, bold=null, italic=null, underlined=null, strikethrough=null, obfuscated=null, clickEvent=null, hoverEvent=null, insertion=null, font=minecraft:default}} (SUPPRESSED)
[23:20:31] [main/ERROR] [JMLogger] Can't get entityTexture for TranslatableComponent{key='entity.aquaculture.blackfish', args=[], siblings=[], style=Style{ color=null, bold=null, italic=null, underlined=null, strikethrough=null, obfuscated=null, clickEvent=null, hoverEvent=null, insertion=null, font=minecraft:default}} (SUPPRESSED)
[23:20:31] [main/ERROR] [JMLogger] Can't get entityTexture for TranslatableComponent{key='entity.aquaculture.atlantic_herring', args=[], siblings=[], style=Style{ color=null, bold=null, italic=null, underlined=null, strikethrough=null, obfuscated=null, clickEvent=null, hoverEvent=null, insertion=null, font=minecraft:default}} (SUPPRESSED)
[23:20:31] [main/ERROR] [JMLogger] Can't get entityTexture for TranslatableComponent{key='entity.aquaculture.tuna', args=[], siblings=[], style=Style{ color=null, bold=null, italic=null, underlined=null, strikethrough=null, obfuscated=null, clickEvent=null, hoverEvent=null, insertion=null, font=minecraft:default}} (SUPPRESSED)
[23:20:31] [main/ERROR] [JMLogger] Can't get entityTexture for TranslatableComponent{key='entity.aquaculture.pink_salmon', args=[], siblings=[], style=Style{ color=null, bold=null, italic=null, underlined=null, strikethrough=null, obfuscated=null, clickEvent=null, hoverEvent=null, insertion=null, font=minecraft:default}} (SUPPRESSED)
[23:20:40] [main/ERROR] [JMLogger] Can't get entityTexture for TextComponent{text='', siblings=[TranslatableComponent{key='subspecies.russet', args=[], siblings=[], style=Style{ color=null, bold=null, italic=null, underlined=null, strikethrough=null, obfuscated=null, clickEvent=null, hoverEvent=null, insertion=null, font=minecraft:default}}, TextComponent{text=' ', siblings=[], style=Style{ color=null, bold=null, italic=null, underlined=null, strikethrough=null, obfuscated=null, clickEvent=null, hoverEvent=null, insertion=null, font=minecraft:default}}, TranslatableComponent{key='entity.lycanitesmobs.bobeko', args=[], siblings=[], style=Style{ color=null, bold=null, italic=null, underlined=null, strikethrough=null, obfuscated=null, clickEvent=null, hoverEvent=null, insertion=null, font=minecraft:default}}, TextComponent{text=' ', siblings=[], style=Style{ color=null, bold=null, italic=null, underlined=null, strikethrough=null, obfuscated=null, clickEvent=null, hoverEvent=null, insertion=null, font=minecraft:default}}, TranslatableComponent{key='entity.level', args=[], siblings=[TextComponent{text=' 2', siblings=[], style=Style{ color=null, bold=null, italic=null, underlined=null, strikethrough=null, obfuscated=null, clickEvent=null, hoverEvent=null, insertion=null, font=minecraft:default}}], style=Style{ color=null, bold=null, italic=null, underlined=null, strikethrough=null, obfuscated=null, clickEvent=null, hoverEvent=null, insertion=null, font=minecraft:default}}], style=Style{ color=null, bold=null, italic=null, underlined=null, strikethrough=null, obfuscated=null, clickEvent=null, hoverEvent=null, insertion=null, font=minecraft:default}} (SUPPRESSED)
[23:20:52] [main/ERROR] [JMLogger] Can't get entityTexture for TextComponent{text='', siblings=[TranslatableComponent{key='subspecies.violet', args=[], siblings=[], style=Style{ color=null, bold=null, italic=null, underlined=null, strikethrough=null, obfuscated=null, clickEvent=null, hoverEvent=null, insertion=null, font=minecraft:default}}, TextComponent{text=' ', siblings=[], style=Style{ color=null, bold=null, italic=null, underlined=null, strikethrough=null, obfuscated=null, clickEvent=null, hoverEvent=null, insertion=null, font=minecraft:default}}, TranslatableComponent{key='entity.lycanitesmobs.bobeko', args=[], siblings=[], style=Style{ color=null, bold=null, italic=null, underlined=null, strikethrough=null, obfuscated=null, clickEvent=null, hoverEvent=null, insertion=null, font=minecraft:default}}, TextComponent{text=' ', siblings=[], style=Style{ color=null, bold=null, italic=null, underlined=null, strikethrough=null, obfuscated=null, clickEvent=null, hoverEvent=null, insertion=null, font=minecraft:default}}, TranslatableComponent{key='entity.level', args=[], siblings=[TextComponent{text=' 4', siblings=[], style=Style{ color=null, bold=null, italic=null, underlined=null, strikethrough=null, obfuscated=null, clickEvent=null, hoverEvent=null, insertion=null, font=minecraft:default}}], style=Style{ color=null, bold=null, italic=null, underlined=null, strikethrough=null, obfuscated=null, clickEvent=null, hoverEvent=null, insertion=null, font=minecraft:default}}], style=Style{ color=null, bold=null, italic=null, underlined=null, strikethrough=null, obfuscated=null, clickEvent=null, hoverEvent=null, insertion=null, font=minecraft:default}} (SUPPRESSED)
[23:22:21] [JM-task-4/WARN] [StatTimer] SurfaceRenderer.renderSurface was slow: 4030.9623 (Warning limit reached)
[23:22:21] [JM-task-4/WARN] [StatTimer] SurfaceRenderer.renderSurface: Avg:    27.24ms, Min:     2.16ms, Max:     5143.7ms, Total:         69 sec, Count:     2542, Canceled:        0, Slow:       10
[23:23:09] [JM-task-4/WARN] [SurfaceRenderer] Error rendering surface: journeymap.client.model.ChunkMD$ChunkMissingException: Chunk missing: [17, -3]
	at journeymap.client.model.ChunkMD.getChunk(ChunkMD.java:371)
	at journeymap.client.model.ChunkMD.getPrecipitationHeight(ChunkMD.java:277)
	at journeymap.client.model.ChunkMD.getPrecipitationHeight(ChunkMD.java:260)
	at journeymap.client.cartography.render.SurfaceRenderer.renderSurface(SurfaceRenderer.java:175)
	at journeymap.client.cartography.render.SurfaceRenderer.render(SurfaceRenderer.java:123)
	at journeymap.client.cartography.render.SurfaceRenderer.render(SurfaceRenderer.java:93)
	at journeymap.client.cartography.ChunkRenderController.renderChunk(ChunkRenderController.java:156)
	at journeymap.client.task.multi.BaseMapTask.performTask(BaseMapTask.java:129)
	at journeymap.client.task.multi.TaskBatch.performTask(TaskBatch.java:72)
	at journeymap.client.task.multi.MapPlayerTask$MapPlayerTaskBatch.performTask(MapPlayerTask.java:423)
	at journeymap.client.thread.RunnableTask$Inner.run(RunnableTask.java:77)
	at java.util.concurrent.Executors$RunnableAdapter.call(Executors.java:511)
	at java.util.concurrent.FutureTask.run(FutureTask.java:266)
	at java.util.concurrent.ScheduledThreadPoolExecutor$ScheduledFutureTask.access$201(ScheduledThreadPoolExecutor.java:180)
	at java.util.concurrent.ScheduledThreadPoolExecutor$ScheduledFutureTask.run(ScheduledThreadPoolExecutor.java:293)
	at java.util.concurrent.ThreadPoolExecutor.runWorker(ThreadPoolExecutor.java:1142)
	at java.util.concurrent.ThreadPoolExecutor$Worker.run(ThreadPoolExecutor.java:617)
	at java.lang.Thread.run(Thread.java:745)

[23:23:20] [main/ERROR] [JMLogger] Can't get entityTexture for TranslatableComponent{key='entity.ars_nouveau.wilden_hunter', args=[], siblings=[], style=Style{ color=null, bold=null, italic=null, underlined=null, strikethrough=null, obfuscated=null, clickEvent=null, hoverEvent=null, insertion=null, font=minecraft:default}} (SUPPRESSED)
[23:24:00] [main/ERROR] [JMLogger] Can't get entityTexture for TextComponent{text='', siblings=[TranslatableComponent{key='entity.lycanitesmobs.aegis', args=[], siblings=[], style=Style{ color=null, bold=null, italic=null, underlined=null, strikethrough=null, obfuscated=null, clickEvent=null, hoverEvent=null, insertion=null, font=minecraft:default}}, TextComponent{text=' ', siblings=[], style=Style{ color=null, bold=null, italic=null, underlined=null, strikethrough=null, obfuscated=null, clickEvent=null, hoverEvent=null, insertion=null, font=minecraft:default}}, TranslatableComponent{key='entity.level', args=[], siblings=[TextComponent{text=' 3', siblings=[], style=Style{ color=null, bold=null, italic=null, underlined=null, strikethrough=null, obfuscated=null, clickEvent=null, hoverEvent=null, insertion=null, font=minecraft:default}}], style=Style{ color=null, bold=null, italic=null, underlined=null, strikethrough=null, obfuscated=null, clickEvent=null, hoverEvent=null, insertion=null, font=minecraft:default}}], style=Style{ color=null, bold=null, italic=null, underlined=null, strikethrough=null, obfuscated=null, clickEvent=null, hoverEvent=null, insertion=null, font=minecraft:default}} (SUPPRESSED)
[23:24:00] [main/ERROR] [JMLogger] Can't get entityTexture for TextComponent{text='', siblings=[TranslatableComponent{key='entity.lycanitesmobs.aegis', args=[], siblings=[], style=Style{ color=null, bold=null, italic=null, underlined=null, strikethrough=null, obfuscated=null, clickEvent=null, hoverEvent=null, insertion=null, font=minecraft:default}}], style=Style{ color=null, bold=null, italic=null, underlined=null, strikethrough=null, obfuscated=null, clickEvent=null, hoverEvent=null, insertion=null, font=minecraft:default}} (SUPPRESSED)
[23:24:00] [main/ERROR] [JMLogger] Can't get entityTexture for TextComponent{text='', siblings=[TranslatableComponent{key='entity.lycanitesmobs.aegis', args=[], siblings=[], style=Style{ color=null, bold=null, italic=null, underlined=null, strikethrough=null, obfuscated=null, clickEvent=null, hoverEvent=null, insertion=null, font=minecraft:default}}, TextComponent{text=' ', siblings=[], style=Style{ color=null, bold=null, italic=null, underlined=null, strikethrough=null, obfuscated=null, clickEvent=null, hoverEvent=null, insertion=null, font=minecraft:default}}, TranslatableComponent{key='entity.level', args=[], siblings=[TextComponent{text=' 4', siblings=[], style=Style{ color=null, bold=null, italic=null, underlined=null, strikethrough=null, obfuscated=null, clickEvent=null, hoverEvent=null, insertion=null, font=minecraft:default}}], style=Style{ color=null, bold=null, italic=null, underlined=null, strikethrough=null, obfuscated=null, clickEvent=null, hoverEvent=null, insertion=null, font=minecraft:default}}], style=Style{ color=null, bold=null, italic=null, underlined=null, strikethrough=null, obfuscated=null, clickEvent=null, hoverEvent=null, insertion=null, font=minecraft:default}} (SUPPRESSED)
[23:24:00] [main/ERROR] [JMLogger] Can't get entityTexture for TextComponent{text='', siblings=[TranslatableComponent{key='entity.lycanitesmobs.aegis', args=[], siblings=[], style=Style{ color=null, bold=null, italic=null, underlined=null, strikethrough=null, obfuscated=null, clickEvent=null, hoverEvent=null, insertion=null, font=minecraft:default}}, TextComponent{text=' ', siblings=[], style=Style{ color=null, bold=null, italic=null, underlined=null, strikethrough=null, obfuscated=null, clickEvent=null, hoverEvent=null, insertion=null, font=minecraft:default}}, TranslatableComponent{key='entity.level', args=[], siblings=[TextComponent{text=' 2', siblings=[], style=Style{ color=null, bold=null, italic=null, underlined=null, strikethrough=null, obfuscated=null, clickEvent=null, hoverEvent=null, insertion=null, font=minecraft:default}}], style=Style{ color=null, bold=null, italic=null, underlined=null, strikethrough=null, obfuscated=null, clickEvent=null, hoverEvent=null, insertion=null, font=minecraft:default}}], style=Style{ color=null, bold=null, italic=null, underlined=null, strikethrough=null, obfuscated=null, clickEvent=null, hoverEvent=null, insertion=null, font=minecraft:default}} (SUPPRESSED)
[23:24:35] [main/INFO] [JourneymapClient] Mapping halted in C:\Users\athos\curseforge\minecraft\Instances\Refugio\journeymap\data\mp\offline\minecraft:overworld
